<?xml version="1.0" encoding="UTF-8"?>
<testng-results ignored="0" total="1" passed="1" failed="0" skipped="0">
  <reporter-output>
  </reporter-output>
  <suite started-at="2023-01-04T16:37:44 IST" name="Default suite" finished-at="2023-01-04T16:38:16 IST" duration-ms="31949">
    <groups>
    </groups>
    <test started-at="2023-01-04T16:37:44 IST" name="Default test" finished-at="2023-01-04T16:38:16 IST" duration-ms="31949">
      <class name="URLTEST.testurl">
        <test-method signature="anu()[pri:0, instance:URLTEST.testurl@550ee7e5]" started-at="2023-01-04T16:37:45 IST" name="anu" finished-at="2023-01-04T16:38:16 IST" duration-ms="31909" status="PASS">
          <reporter-output>
          </reporter-output>
        </test-method> <!-- anu -->
      </class> <!-- URLTEST.testurl -->
    </test> <!-- Default test -->
  </suite> <!-- Default suite -->
</testng-results>
