<?xml version="1.0" encoding="UTF-8"?>
<testng-results ignored="0" total="1" passed="1" failed="0" skipped="0">
  <reporter-output>
  </reporter-output>
  <suite started-at="2023-01-11T13:40:43 IST" name="Default suite" finished-at="2023-01-11T13:40:53 IST" duration-ms="10495">
    <groups>
    </groups>
    <test started-at="2023-01-11T13:40:43 IST" name="Default test" finished-at="2023-01-11T13:40:53 IST" duration-ms="10495">
      <class name="URLTEST.testurl">
        <test-method signature="anu()[pri:0, instance:URLTEST.testurl@15bbf42f]" started-at="2023-01-11T13:40:43 IST" name="anu" finished-at="2023-01-11T13:40:53 IST" duration-ms="10456" status="PASS">
          <reporter-output>
          </reporter-output>
        </test-method> <!-- anu -->
      </class> <!-- URLTEST.testurl -->
    </test> <!-- Default test -->
  </suite> <!-- Default suite -->
</testng-results>
